Determining if the pthread_create exist failed with the following output:
Change Dir: /home/alahr/Documents/College/Spring2021/Python_Applications/809e/build/catkin_tools_prebuild/CMakeFiles/CMakeTmp

Run Build Command:"/usr/bin/make" "cmTC_b6533/fast"
/usr/bin/make -f CMakeFiles/cmTC_b6533.dir/build.make CMakeFiles/cmTC_b6533.dir/build
make[1]: Entering directory '/home/alahr/Documents/College/Spring2021/Python_Applications/809e/build/catkin_tools_prebuild/CMakeFiles/CMakeTmp'
Building C object CMakeFiles/cmTC_b6533.dir/CheckSymbolExists.c.o
/usr/bin/cc    -o CMakeFiles/cmTC_b6533.dir/CheckSymbolExists.c.o   -c /home/alahr/Documents/College/Spring2021/Python_Applications/809e/build/catkin_tools_prebuild/CMakeFiles/CMakeTmp/CheckSymbolExists.c
Linking C executable cmTC_b6533
/usr/bin/cmake -E cmake_link_script CMakeFiles/cmTC_b6533.dir/link.txt --verbose=1
/usr/bin/cc      -rdynamic CMakeFiles/cmTC_b6533.dir/CheckSymbolExists.c.o  -o cmTC_b6533 
CMakeFiles/cmTC_b6533.dir/CheckSymbolExists.c.o: In function `main':
CheckSymbolExists.c:(.text+0x1b): undefined reference to `pthread_create'
collect2: error: ld returned 1 exit status
CMakeFiles/cmTC_b6533.dir/build.make:97: recipe for target 'cmTC_b6533' failed
make[1]: *** [cmTC_b6533] Error 1
make[1]: Leaving directory '/home/alahr/Documents/College/Spring2021/Python_Applications/809e/build/catkin_tools_prebuild/CMakeFiles/CMakeTmp'
Makefile:126: recipe for target 'cmTC_b6533/fast' failed
make: *** [cmTC_b6533/fast] Error 2

File /home/alahr/Documents/College/Spring2021/Python_Applications/809e/build/catkin_tools_prebuild/CMakeFiles/CMakeTmp/CheckSymbolExists.c:
/* */
#include <pthread.h>

int main(int argc, char** argv)
{
  (void)argv;
#ifndef pthread_create
  return ((int*)(&pthread_create))[argc];
#else
  (void)argc;
  return 0;
#endif
}

Determining if the function pthread_create exists in the pthreads failed with the following output:
Change Dir: /home/alahr/Documents/College/Spring2021/Python_Applications/809e/build/catkin_tools_prebuild/CMakeFiles/CMakeTmp

Run Build Command:"/usr/bin/make" "cmTC_86779/fast"
/usr/bin/make -f CMakeFiles/cmTC_86779.dir/build.make CMakeFiles/cmTC_86779.dir/build
make[1]: Entering directory '/home/alahr/Documents/College/Spring2021/Python_Applications/809e/build/catkin_tools_prebuild/CMakeFiles/CMakeTmp'
Building C object CMakeFiles/cmTC_86779.dir/CheckFunctionExists.c.o
/usr/bin/cc   -DCHECK_FUNCTION_EXISTS=pthread_create   -o CMakeFiles/cmTC_86779.dir/CheckFunctionExists.c.o   -c /usr/share/cmake-3.10/Modules/CheckFunctionExists.c
Linking C executable cmTC_86779
/usr/bin/cmake -E cmake_link_script CMakeFiles/cmTC_86779.dir/link.txt --verbose=1
/usr/bin/cc  -DCHECK_FUNCTION_EXISTS=pthread_create    -rdynamic CMakeFiles/cmTC_86779.dir/CheckFunctionExists.c.o  -o cmTC_86779 -lpthreads 
/usr/bin/ld: cannot find -lpthreads
collect2: error: ld returned 1 exit status
CMakeFiles/cmTC_86779.dir/build.make:97: recipe for target 'cmTC_86779' failed
make[1]: *** [cmTC_86779] Error 1
make[1]: Leaving directory '/home/alahr/Documents/College/Spring2021/Python_Applications/809e/build/catkin_tools_prebuild/CMakeFiles/CMakeTmp'
Makefile:126: recipe for target 'cmTC_86779/fast' failed
make: *** [cmTC_86779/fast] Error 2


